Build started 25-Mar-17 11:54:39 PM.
     1>Project "C:\Users\Philipp\Documents\work\dodscene\vs2015\dodscene.vcxproj" on node 2 (Build target(s)).
     1>ClCompile:
         C:\Program Files (x86)\Microsoft Visual Studio 14.0\VC\bin\x86_amd64\CL.exe /c /Zi /nologo /W3 /WX- /sdl /O2 /Oi /GL /D _MBCS /Gm- /EHsc /MD /GS /Gy /fp:precise /Zc:wchar_t /Zc:forScope /Zc:inline /Fo"x64\Release\\" /Fd"x64\Release\vc140.pdb" /Gd /TP /errorReport:prompt ..\src\main.cpp
         main.cpp
     1>..\src\main.cpp(79): warning C4244: 'initializing': conversion from 'double' to 'int', possible loss of data
     1>..\src\main.cpp(86): warning C4101: 'timer': unreferenced local variable
     1>..\src\main.cpp(55): warning C4244: 'initializing': conversion from 'double' to 'int', possible loss of data
         ..\src\main.cpp(144): note: see reference to function template instantiation 'void buildDepthFirstScene<dos::Scene,TransformNode>(TScene &,Tree<TransformNode> &,int,int)' being compiled
                 with
                 [
                     TScene=dos::Scene
                 ]
       Link:
         C:\Program Files (x86)\Microsoft Visual Studio 14.0\VC\bin\x86_amd64\link.exe /ERRORREPORT:PROMPT /OUT:"C:\Users\Philipp\Documents\work\dodscene\vs2015\x64\Release\dodscene.exe" /NOLOGO /LIBPATH:"C:\Users\Philipp\Documents\work\dodscene\vs2015\\..\dep\glfw-3.2.1.bin.WIN64\lib-vc2015" opengl32.lib glfw3.lib kernel32.lib user32.lib gdi32.lib winspool.lib comdlg32.lib advapi32.lib shell32.lib ole32.lib oleaut32.lib uuid.lib odbc32.lib odbccp32.lib kernel32.lib user32.lib gdi32.lib winspool.lib comdlg32.lib advapi32.lib shell32.lib ole32.lib oleaut32.lib uuid.lib odbc32.lib odbccp32.lib /MANIFEST /MANIFESTUAC:"level='asInvoker' uiAccess='false'" /manifest:embed /Debug /PDB:"C:\Users\Philipp\Documents\work\dodscene\vs2015\x64\Release\dodscene.pdb" /SUBSYSTEM:CONSOLE /OPT:REF /OPT:ICF /LTCG:incremental /TLBID:1 /DYNAMICBASE /NXCOMPAT /IMPLIB:"C:\Users\Philipp\Documents\work\dodscene\vs2015\x64\Release\dodscene.lib" /MACHINE:X64 x64\Release\gl3w.obj
         x64\Release\glMain.obj
         x64\Release\main.obj
         Generating code
         1 of 576 functions ( 0.2%) were compiled, the rest were copied from previous compilation.
           0 functions were new in current compilation
           0 functions had inline decision re-evaluated but remain unchanged
         Finished generating code
         dodscene.vcxproj -> C:\Users\Philipp\Documents\work\dodscene\vs2015\x64\Release\dodscene.exe
     1>Done Building Project "C:\Users\Philipp\Documents\work\dodscene\vs2015\dodscene.vcxproj" (Build target(s)).

Build succeeded.

Time Elapsed 00:00:01.29
